This file contains any messages produced by compilers while
running configure, to aid debugging if configure makes a mistake.

It was created by libjpeg configure 9.4.0, which was
generated by GNU Autoconf 2.69.  Invocation command line was

  $ ./configure 

## --------- ##
## Platform. ##
## --------- ##

hostname = DESKTOP-BKNNHOF
uname -m = x86_64
uname -r = 4.4.0-18362-Microsoft
uname -s = Linux
uname -v = #476-Microsoft Fri Nov 01 16:53:00 PST 2019

/usr/bin/uname -p = unknown
/bin/uname -X     = unknown

/bin/arch              = unknown
/usr/bin/arch -k       = unknown
/usr/convex/getsysinfo = unknown
/usr/bin/hostinfo      = unknown
/bin/machine           = unknown
/usr/bin/oslevel       = unknown
/bin/universe          = unknown

PATH: /home/kopytjuk/emsdk/upstream/emscripten/system/bin
PATH: /home/kopytjuk/emsdk
PATH: /home/kopytjuk/emsdk/upstream/emscripten
PATH: /home/kopytjuk/emsdk/node/12.9.1_64bit/bin
PATH: /home/kopytjuk/.vscode-server/bin/a9f8623ec050e5f0b44cc8ce8204a1455884749f/bin
PATH: /usr/local/sbin
PATH: /usr/local/bin
PATH: /usr/sbin
PATH: /usr/bin
PATH: /sbin
PATH: /bin
PATH: /usr/games
PATH: /usr/local/games
PATH: /mnt/c/Program Files/ImageMagick-7.0.8-Q16
PATH: /mnt/c/ProgramData/Anaconda3
PATH: /mnt/c/ProgramData/Anaconda3/Library/mingw-w64/bin
PATH: /mnt/c/ProgramData/Anaconda3/Library/usr/bin
PATH: /mnt/c/ProgramData/Anaconda3/Library/bin
PATH: /mnt/c/ProgramData/Anaconda3/Scripts
PATH: /mnt/c/Program Files (x86)/Microsoft SDKs/Azure/CLI2/wbin
PATH: /mnt/c/Program Files/NVIDIA GPU Computing Toolkit/CUDA/v9.2/bin
PATH: /mnt/c/Program Files/NVIDIA GPU Computing Toolkit/CUDA/v9.2/libnvvp
PATH: /mnt/c/Program Files (x86)/Common Files/Oracle/Java/javapath
PATH: /mnt/c/ProgramData/Oracle/Java/javapath
PATH: /mnt/c/Windows/system32
PATH: /mnt/c/Windows
PATH: /mnt/c/Windows/System32/Wbem
PATH: /mnt/c/Windows/System32/WindowsPowerShell/v1.0/
PATH: /mnt/c/Program Files (x86)/NVIDIA Corporation/PhysX/Common
PATH: /mnt/c/WINDOWS/system32
PATH: /mnt/c/WINDOWS
PATH: /mnt/c/WINDOWS/System32/Wbem
PATH: /mnt/c/WINDOWS/System32/WindowsPowerShell/v1.0/
PATH: /mnt/c/Program Files/NVIDIA GPU Computing Toolkit/cuDNN/bin
PATH: /mnt/c/opt/spark/spark-2.2.0-bin-hadoop2.7/bin
PATH: /mnt/c/Program Files/MiKTeX 2.9/miktex/bin/x64/
PATH: /mnt/c/WINDOWS/System32/OpenSSH/
PATH: /mnt/c/Program Files/Microsoft SQL Server/110/Tools/Binn/
PATH: /mnt/c/Program Files (x86)/Microsoft Visual Studio 11.0/VC/bin
PATH: /mnt/c/ProgramData/chocolatey/bin
PATH: /mnt/c/Users/kopyt/Downloads/helm-v2.12.2-windows-amd64/windows-amd64
PATH: /mnt/c/Program Files/NVIDIA Corporation/NVIDIA NvDLISR
PATH: /mnt/c/Program Files (x86)/Data Version Control
PATH: /mnt/c/Program Files (x86)/Intel/Intel(R) Management Engine Components/DAL
PATH: /mnt/c/Program Files/Intel/Intel(R) Management Engine Components/DAL
PATH: /mnt/c/Program Files (x86)/Yarn/bin/
PATH: /mnt/c/ProgramData/Anaconda3/Lib/site-packages/osgeo
PATH: /mnt/c/Program Files/gifsicle-1.92/
PATH: /mnt/c/MinGW/bin
PATH: /mnt/c/Program Files/MATLAB/R2015b/runtime/win64
PATH: /mnt/c/Program Files/MATLAB/R2015b/bin
PATH: /mnt/c/Program Files/MATLAB/R2015b/polyspace/bin
PATH: /mnt/c/Program Files/SDCC/bin
PATH: /mnt/c/Program Files/Git/cmd
PATH: /mnt/c/Program Files/Git/mingw64/bin
PATH: /mnt/c/Program Files/Git/usr/bin
PATH: /mnt/c/Program Files/CMake/bin
PATH: /mnt/c/Program Files/GNURadio-3.7/bin
PATH: /mnt/c/Program Files/Calibre2/
PATH: /mnt/c/Program Files/nodejs/
PATH: /mnt/c/Program Files (x86)/Graphviz2.38/bin
PATH: /mnt/c/Program Files/PowerShell/6/
PATH: /mnt/c/Program Files/PuTTY/
PATH: /mnt/c/Users/kopyt/AppData/Local/Microsoft/WindowsApps
PATH: /mnt/c/Program Files/ffmpeg-20171223-9e5e323-win64-static/bin
PATH: /mnt/c/Program Files/Microsoft VS Code/bin
PATH: /mnt/c/Users/kopyt/AppData/Local/hyper/app-2.1.0/resources/bin
PATH: /mnt/c/Users/kopyt/AppData/Local/Yarn/bin
PATH: /mnt/c/Program Files/JetBrains/PyCharm Community Edition 2019.2.1/bin
PATH: /mnt/c/Users/kopyt/AppData/Local/Programs/Microsoft VS Code/bin
PATH: /mnt/c/Program Files/LLVM/bin
PATH: /mnt/c/tools/Cmder
PATH: /mnt/c/Users/kopyt/AppData/Roaming/npm
PATH: /mnt/c/Program Files/snap/bin


## ----------- ##
## Core tests. ##
## ----------- ##

configure:2274: checking build system type
configure:2288: result: x86_64-pc-linux-gnu
configure:2308: checking host system type
configure:2321: result: x86_64-pc-linux-gnu
configure:2341: checking target system type
configure:2354: result: x86_64-pc-linux-gnu
configure:2399: checking for a BSD-compatible install
configure:2467: result: /usr/bin/install -c
configure:2478: checking whether build environment is sane
configure:2533: result: yes
configure:2684: checking for a thread-safe mkdir -p
configure:2723: result: /bin/mkdir -p
configure:2730: checking for gawk
configure:2746: found /usr/bin/gawk
configure:2757: result: gawk
configure:2768: checking whether make sets $(MAKE)
configure:2790: result: yes
configure:2819: checking whether make supports nested variables
configure:2836: result: yes
configure:2977: checking whether make supports nested variables
configure:2994: result: yes
configure:3010: checking whether to enable maintainer-specific portions of Makefiles
configure:3019: result: no
configure:3082: checking for gcc
configure:3109: result: /home/kopytjuk/emsdk/upstream/emscripten/emcc
configure:3338: checking for C compiler version
configure:3347: /home/kopytjuk/emsdk/upstream/emscripten/emcc --version >&5
emcc (Emscripten gcc/clang-like replacement) 1.39.12
Copyright (C) 2014 the Emscripten authors (see AUTHORS.txt)
This is free and open source software under the MIT license.
There is NO warranty; not even for MERCHANTABILITY or FITNESS FOR A PARTICULAR PURPOSE.
  
configure:3358: $? = 0
configure:3347: /home/kopytjuk/emsdk/upstream/emscripten/emcc -v >&5
clang version 11.0.0 (/b/s/w/ir/cache/git/chromium.googlesource.com-external-github.com-llvm-llvm--project eaa55590945a130131a47a4d2b89e3bbdfced79e)
Target: x86_64-unknown-linux-gnu
Thread model: posix
InstalledDir: /home/kopytjuk/emsdk/upstream/bin
Found candidate GCC installation: /usr/lib/gcc/x86_64-linux-gnu/7
Found candidate GCC installation: /usr/lib/gcc/x86_64-linux-gnu/7.5.0
Found candidate GCC installation: /usr/lib/gcc/x86_64-linux-gnu/8
Selected GCC installation: /usr/lib/gcc/x86_64-linux-gnu/7.5.0
Candidate multilib: .;@m64
Candidate multilib: 32;@m32
... rest of stderr output deleted ...
configure:3358: $? = 0
configure:3347: /home/kopytjuk/emsdk/upstream/emscripten/emcc -V >&5
em++: error: no input files
note that input files without a known suffix are ignored, make sure your input files end with one of: ('.c', '.i', '.cpp', '.cxx', '.cc', '.c++', '.CPP', '.CXX', '.C', '.CC', '.C++', '.ii', '.m', '.mi', '.mm', '.mii', '/dev/null', '.bc', '.o', '.obj', '.lo', '.dylib', '.so', '.a', '.ll', '.h', '.hxx', '.hpp', '.hh', '.H', '.HXX', '.HPP', '.HH')
configure:3358: $? = 1
configure:3347: /home/kopytjuk/emsdk/upstream/emscripten/emcc -qversion >&5
em++: error: no input files
note that input files without a known suffix are ignored, make sure your input files end with one of: ('.c', '.i', '.cpp', '.cxx', '.cc', '.c++', '.CPP', '.CXX', '.C', '.CC', '.C++', '.ii', '.m', '.mi', '.mm', '.mii', '/dev/null', '.bc', '.o', '.obj', '.lo', '.dylib', '.so', '.a', '.ll', '.h', '.hxx', '.hpp', '.hh', '.H', '.HXX', '.HPP', '.HH')
configure:3358: $? = 1
configure:3378: checking whether the C compiler works
configure:3400: /home/kopytjuk/emsdk/upstream/emscripten/emcc    conftest.c  >&5
configure:3404: $? = 0
configure:3452: result: yes
configure:3455: checking for C compiler default output file name
configure:3457: result: a.out
configure:3463: checking for suffix of executables
configure:3470: /home/kopytjuk/emsdk/upstream/emscripten/emcc -o conftest    conftest.c  >&5
configure:3474: $? = 0
configure:3496: result: 
configure:3518: checking whether we are cross compiling
configure:3526: /home/kopytjuk/emsdk/upstream/emscripten/emcc -o conftest    conftest.c  >&5
configure:3530: $? = 0
configure:3537: ./conftest
configure:3541: $? = 0
configure:3556: result: no
configure:3561: checking for suffix of object files
configure:3583: /home/kopytjuk/emsdk/upstream/emscripten/emcc -c   conftest.c >&5
configure:3587: $? = 0
configure:3608: result: o
configure:3612: checking whether we are using the GNU C compiler
configure:3631: /home/kopytjuk/emsdk/upstream/emscripten/emcc -c   conftest.c >&5
configure:3631: $? = 0
configure:3640: result: yes
configure:3649: checking whether /home/kopytjuk/emsdk/upstream/emscripten/emcc accepts -g
configure:3669: /home/kopytjuk/emsdk/upstream/emscripten/emcc -c -g  conftest.c >&5
configure:3669: $? = 0
configure:3710: result: yes
configure:3727: checking for /home/kopytjuk/emsdk/upstream/emscripten/emcc option to accept ISO C89
configure:3790: /home/kopytjuk/emsdk/upstream/emscripten/emcc  -c -g -O2  conftest.c >&5
configure:3790: $? = 0
configure:3803: result: none needed
configure:3828: checking whether /home/kopytjuk/emsdk/upstream/emscripten/emcc understands -c and -o together
configure:3850: /home/kopytjuk/emsdk/upstream/emscripten/emcc -c conftest.c -o conftest2.o
configure:3853: $? = 0
configure:3850: /home/kopytjuk/emsdk/upstream/emscripten/emcc -c conftest.c -o conftest2.o
configure:3853: $? = 0
configure:3865: result: yes
configure:3885: checking whether make supports the include directive
configure:3900: make -f confmf.GNU && cat confinc.out
this is the am__doit target
configure:3903: $? = 0
configure:3922: result: yes (GNU style)
configure:3947: checking dependency style of /home/kopytjuk/emsdk/upstream/emscripten/emcc
configure:4058: result: gcc3
configure:4077: checking for /home/kopytjuk/emsdk/upstream/emscripten/emcc option to accept ISO C99
configure:4226: /home/kopytjuk/emsdk/upstream/emscripten/emcc  -c -g -O2  conftest.c >&5
configure:4226: $? = 0
configure:4239: result: none needed
configure:4347: checking for /home/kopytjuk/emsdk/upstream/emscripten/emcc option to accept ISO Standard C
configure:4358: result: none needed
configure:4370: checking how to run the C preprocessor
configure:4401: /home/kopytjuk/emsdk/upstream/emscripten/emcc -E  conftest.c
configure:4401: $? = 0
configure:4415: /home/kopytjuk/emsdk/upstream/emscripten/emcc -E  conftest.c
conftest.c:11:10: fatal error: 'ac_nonexistent.h' file not found
#include <ac_nonexistent.h>
         ^~~~~~~~~~~~~~~~~~
1 error generated.
configure:4415: $? = 1
configure: failed program was:
| /* confdefs.h */
| #define PACKAGE_NAME "libjpeg"
| #define PACKAGE_TARNAME "libjpeg"
| #define PACKAGE_VERSION "9.4.0"
| #define PACKAGE_STRING "libjpeg 9.4.0"
| #define PACKAGE_BUGREPORT ""
| #define PACKAGE_URL ""
| #define PACKAGE "libjpeg"
| #define VERSION "9.4.0"
| /* end confdefs.h.  */
| #include <ac_nonexistent.h>
configure:4440: result: /home/kopytjuk/emsdk/upstream/emscripten/emcc -E
configure:4460: /home/kopytjuk/emsdk/upstream/emscripten/emcc -E  conftest.c
configure:4460: $? = 0
configure:4474: /home/kopytjuk/emsdk/upstream/emscripten/emcc -E  conftest.c
conftest.c:11:10: fatal error: 'ac_nonexistent.h' file not found
#include <ac_nonexistent.h>
         ^~~~~~~~~~~~~~~~~~
1 error generated.
configure:4474: $? = 1
configure: failed program was:
| /* confdefs.h */
| #define PACKAGE_NAME "libjpeg"
| #define PACKAGE_TARNAME "libjpeg"
| #define PACKAGE_VERSION "9.4.0"
| #define PACKAGE_STRING "libjpeg 9.4.0"
| #define PACKAGE_BUGREPORT ""
| #define PACKAGE_URL ""
| #define PACKAGE "libjpeg"
| #define VERSION "9.4.0"
| /* end confdefs.h.  */
| #include <ac_nonexistent.h>
configure:4503: checking whether make sets $(MAKE)
configure:4525: result: yes
configure:4534: checking whether ln -s works
configure:4538: result: yes
configure:4648: checking the archiver (/home/kopytjuk/emsdk/upstream/emscripten/emar) interface
configure:4664: /home/kopytjuk/emsdk/upstream/emscripten/emcc -c -g -O2  conftest.c >&5
configure:4664: $? = 0
configure:4666: /home/kopytjuk/emsdk/upstream/emscripten/emar cru libconftest.a conftest.o >&5
configure:4669: $? = 0
configure:4697: result: ar
configure:4726: checking if LD -Wl,--version-script works
configure:4750: /home/kopytjuk/emsdk/upstream/emscripten/emcc -o conftest -g -O2   -Wl,--version-script=conftest.map conftest.c  >&5
wasm-ld: error: unknown argument: --version-script=conftest.map
emcc: error: '/home/kopytjuk/emsdk/upstream/bin/wasm-ld -o /tmp/emscripten_temp_74hsxwp7/conftest.wasm --version-script=conftest.map -L/home/kopytjuk/emsdk/upstream/emscripten/system/local/lib /tmp/emscripten_temp_74hsxwp7/conftest_0.o -L/home/kopytjuk/emsdk/upstream/emscripten/system/lib -L/home/kopytjuk/.emscripten_cache/wasm /home/kopytjuk/.emscripten_cache/wasm/libc.a /home/kopytjuk/.emscripten_cache/wasm/libcompiler_rt.a /home/kopytjuk/.emscripten_cache/wasm/libc-wasm.a /home/kopytjuk/.emscripten_cache/wasm/libdlmalloc-debug.a /home/kopytjuk/.emscripten_cache/wasm/libpthread_stub.a /home/kopytjuk/.emscripten_cache/wasm/libc_rt_wasm.a /home/kopytjuk/.emscripten_cache/wasm/libsockets.a -mllvm -combiner-global-alias-analysis=false -mllvm -enable-emscripten-sjlj -mllvm -disable-lsr --allow-undefined --import-memory --import-table --export __wasm_call_ctors --export __data_end --export main --export malloc --export free --export __errno_location --export fflush -z stack-size=5242880 --initial-memory=16777216 --no-entry --max-memory=16777216 --global-base=1024' failed (1)
configure:4750: $? = 1
configure: failed program was:
| /* confdefs.h */
| #define PACKAGE_NAME "libjpeg"
| #define PACKAGE_TARNAME "libjpeg"
| #define PACKAGE_VERSION "9.4.0"
| #define PACKAGE_STRING "libjpeg 9.4.0"
| #define PACKAGE_BUGREPORT ""
| #define PACKAGE_URL ""
| #define PACKAGE "libjpeg"
| #define VERSION "9.4.0"
| /* end confdefs.h.  */
| 
| int
| main ()
| {
| 
|   ;
|   return 0;
| }
configure:4759: result: no
configure:4772: checking for function prototypes
configure:4792: /home/kopytjuk/emsdk/upstream/emscripten/emcc -c -g -O2  conftest.c >&5
configure:4792: $? = 0
configure:4800: result: yes
configure:4821: checking for grep that handles long lines and -e
configure:4879: result: /bin/grep
configure:4884: checking for egrep
configure:4946: result: /bin/grep -E
configure:4951: checking for ANSI C header files
configure:4971: /home/kopytjuk/emsdk/upstream/emscripten/emcc -c -g -O2  conftest.c >&5
configure:4971: $? = 0
configure:5044: /home/kopytjuk/emsdk/upstream/emscripten/emcc -o conftest -g -O2   conftest.c  >&5
configure:5044: $? = 0
configure:5044: ./conftest
configure:5044: $? = 0
configure:5055: result: yes
configure:5068: checking for sys/types.h
configure:5068: /home/kopytjuk/emsdk/upstream/emscripten/emcc -c -g -O2  conftest.c >&5
configure:5068: $? = 0
configure:5068: result: yes
configure:5068: checking for sys/stat.h
configure:5068: /home/kopytjuk/emsdk/upstream/emscripten/emcc -c -g -O2  conftest.c >&5
configure:5068: $? = 0
configure:5068: result: yes
configure:5068: checking for stdlib.h
configure:5068: /home/kopytjuk/emsdk/upstream/emscripten/emcc -c -g -O2  conftest.c >&5
configure:5068: $? = 0
configure:5068: result: yes
configure:5068: checking for string.h
configure:5068: /home/kopytjuk/emsdk/upstream/emscripten/emcc -c -g -O2  conftest.c >&5
configure:5068: $? = 0
configure:5068: result: yes
configure:5068: checking for memory.h
configure:5068: /home/kopytjuk/emsdk/upstream/emscripten/emcc -c -g -O2  conftest.c >&5
configure:5068: $? = 0
configure:5068: result: yes
configure:5068: checking for strings.h
configure:5068: /home/kopytjuk/emsdk/upstream/emscripten/emcc -c -g -O2  conftest.c >&5
configure:5068: $? = 0
configure:5068: result: yes
configure:5068: checking for inttypes.h
configure:5068: /home/kopytjuk/emsdk/upstream/emscripten/emcc -c -g -O2  conftest.c >&5
configure:5068: $? = 0
configure:5068: result: yes
configure:5068: checking for stdint.h
configure:5068: /home/kopytjuk/emsdk/upstream/emscripten/emcc -c -g -O2  conftest.c >&5
configure:5068: $? = 0
configure:5068: result: yes
configure:5068: checking for unistd.h
configure:5068: /home/kopytjuk/emsdk/upstream/emscripten/emcc -c -g -O2  conftest.c >&5
configure:5068: $? = 0
configure:5068: result: yes
configure:5083: checking stddef.h usability
configure:5083: /home/kopytjuk/emsdk/upstream/emscripten/emcc -c -g -O2  conftest.c >&5
configure:5083: $? = 0
configure:5083: result: yes
configure:5083: checking stddef.h presence
configure:5083: /home/kopytjuk/emsdk/upstream/emscripten/emcc -E  conftest.c
configure:5083: $? = 0
configure:5083: result: yes
configure:5083: checking for stddef.h
configure:5083: result: yes
configure:5083: checking for stdlib.h
configure:5083: result: yes
configure:5083: checking locale.h usability
configure:5083: /home/kopytjuk/emsdk/upstream/emscripten/emcc -c -g -O2  conftest.c >&5
configure:5083: $? = 0
configure:5083: result: yes
configure:5083: checking locale.h presence
configure:5083: /home/kopytjuk/emsdk/upstream/emscripten/emcc -E  conftest.c
configure:5083: $? = 0
configure:5083: result: yes
configure:5083: checking for locale.h
configure:5083: result: yes
configure:5093: checking for string.h
configure:5093: result: yes
configure:5106: checking for size_t
configure:5133: /home/kopytjuk/emsdk/upstream/emscripten/emcc -c -g -O2  conftest.c >&5
configure:5133: $? = 0
configure:5139: result: yes
configure:5175: checking for type unsigned char
configure:5188: /home/kopytjuk/emsdk/upstream/emscripten/emcc -c -g -O2  conftest.c >&5
configure:5188: $? = 0
configure:5189: result: yes
configure:5200: checking for type unsigned short
configure:5213: /home/kopytjuk/emsdk/upstream/emscripten/emcc -c -g -O2  conftest.c >&5
configure:5213: $? = 0
configure:5214: result: yes
configure:5225: checking for type void
configure:5259: /home/kopytjuk/emsdk/upstream/emscripten/emcc -c -g -O2  conftest.c >&5
configure:5259: $? = 0
configure:5260: result: yes
configure:5270: checking for an ANSI C-conforming const
configure:5336: /home/kopytjuk/emsdk/upstream/emscripten/emcc -c -g -O2  conftest.c >&5
configure:5336: $? = 0
configure:5343: result: yes
configure:5353: checking for inline
configure:5368: /home/kopytjuk/emsdk/upstream/emscripten/emcc -c -g -O2  conftest.c >&5
configure:5368: $? = 0
configure:5406: result: __inline__
configure:5415: checking for broken incomplete types
configure:5428: /home/kopytjuk/emsdk/upstream/emscripten/emcc -c -g -O2  conftest.c >&5
configure:5428: $? = 0
configure:5429: result: ok
configure:5441: checking for short external names
configure:5457: /home/kopytjuk/emsdk/upstream/emscripten/emcc -o conftest -g -O2   conftest.c  >&5
configure:5457: $? = 0
configure:5458: result: ok
configure:5471: checking to see if char is signed
configure:5508: /home/kopytjuk/emsdk/upstream/emscripten/emcc -o conftest -g -O2   conftest.c  >&5
configure:5508: $? = 0
configure:5508: ./conftest
configure:5508: $? = 1
configure: program exited with status 1
configure: failed program was:
| /* confdefs.h */
| #define PACKAGE_NAME "libjpeg"
| #define PACKAGE_TARNAME "libjpeg"
| #define PACKAGE_VERSION "9.4.0"
| #define PACKAGE_STRING "libjpeg 9.4.0"
| #define PACKAGE_BUGREPORT ""
| #define PACKAGE_URL ""
| #define PACKAGE "libjpeg"
| #define VERSION "9.4.0"
| #define HAVE_PROTOTYPES 1
| #define STDC_HEADERS 1
| #define HAVE_SYS_TYPES_H 1
| #define HAVE_SYS_STAT_H 1
| #define HAVE_STDLIB_H 1
| #define HAVE_STRING_H 1
| #define HAVE_MEMORY_H 1
| #define HAVE_STRINGS_H 1
| #define HAVE_INTTYPES_H 1
| #define HAVE_STDINT_H 1
| #define HAVE_UNISTD_H 1
| #define HAVE_STDDEF_H 1
| #define HAVE_STDLIB_H 1
| #define HAVE_LOCALE_H 1
| #define HAVE_UNSIGNED_CHAR 1
| #define HAVE_UNSIGNED_SHORT 1
| #define INLINE __inline__
| /* end confdefs.h.  */
| 
| #ifdef HAVE_STDLIB_H
| #include <stdlib.h>
| #endif
| #include <stdio.h>
| #ifdef HAVE_PROTOTYPES
| int is_char_signed (int arg)
| #else
| int is_char_signed (arg)
|      int arg;
| #endif
| {
|   if (arg == 189) {		/* expected result for unsigned char */
|     return 0;			/* type char is unsigned */
|   }
|   else if (arg != -67) {	/* expected result for signed char */
|     printf("Hmm, it seems 'char' is not eight bits wide on your machine.\n");
|     printf("I fear the JPEG software will not work at all.\n\n");
|   }
|   return 1;			/* assume char is signed otherwise */
| }
| char signed_char_check = (char) (-67);
| int main() {
|   exit(is_char_signed((int) signed_char_check));
| }
configure:5515: result: yes
configure:5523: checking to see if right shift is signed
configure:5563: /home/kopytjuk/emsdk/upstream/emscripten/emcc -o conftest -g -O2   conftest.c  >&5
conftest.c:48:16: warning: shifting a negative signed value is undefined [-Wshift-negative-value]
  res |= (~0L) << (32-4);
         ~~~~~ ^
1 warning generated.
configure:5563: $? = 0
configure:5563: ./conftest
configure:5563: $? = 1
configure: program exited with status 1
configure: failed program was:
| /* confdefs.h */
| #define PACKAGE_NAME "libjpeg"
| #define PACKAGE_TARNAME "libjpeg"
| #define PACKAGE_VERSION "9.4.0"
| #define PACKAGE_STRING "libjpeg 9.4.0"
| #define PACKAGE_BUGREPORT ""
| #define PACKAGE_URL ""
| #define PACKAGE "libjpeg"
| #define VERSION "9.4.0"
| #define HAVE_PROTOTYPES 1
| #define STDC_HEADERS 1
| #define HAVE_SYS_TYPES_H 1
| #define HAVE_SYS_STAT_H 1
| #define HAVE_STDLIB_H 1
| #define HAVE_STRING_H 1
| #define HAVE_MEMORY_H 1
| #define HAVE_STRINGS_H 1
| #define HAVE_INTTYPES_H 1
| #define HAVE_STDINT_H 1
| #define HAVE_UNISTD_H 1
| #define HAVE_STDDEF_H 1
| #define HAVE_STDLIB_H 1
| #define HAVE_LOCALE_H 1
| #define HAVE_UNSIGNED_CHAR 1
| #define HAVE_UNSIGNED_SHORT 1
| #define INLINE __inline__
| /* end confdefs.h.  */
| 
| #ifdef HAVE_STDLIB_H
| #include <stdlib.h>
| #endif
| #include <stdio.h>
| #ifdef HAVE_PROTOTYPES
| int is_shifting_signed (long arg)
| #else
| int is_shifting_signed (arg)
|      long arg;
| #endif
| /* See whether right-shift on a long is signed or not. */
| {
|   long res = arg >> 4;
| 
|   if (res == -0x7F7E80CL) {	/* expected result for signed shift */
|     return 1;			/* right shift is signed */
|   }
|   /* see if unsigned-shift hack will fix it. */
|   /* we can't just test exact value since it depends on width of long... */
|   res |= (~0L) << (32-4);
|   if (res == -0x7F7E80CL) {	/* expected result now? */
|     return 0;			/* right shift is unsigned */
|   }
|   printf("Right shift isn't acting as I expect it to.\n");
|   printf("I fear the JPEG software will not work at all.\n\n");
|   return 0;			/* try it with unsigned anyway */
| }
| int main() {
|   exit(is_shifting_signed(-0x7F7E80B1L));
| }
configure:5570: result: yes
configure:5578: checking to see if fopen accepts b spec
configure:5597: /home/kopytjuk/emsdk/upstream/emscripten/emcc -o conftest -g -O2   conftest.c  >&5
configure:5597: $? = 0
configure:5597: ./conftest
configure:5597: $? = 0
configure:5598: result: yes
configure:5962: checking how to print strings
configure:5989: result: printf
configure:6010: checking for a sed that does not truncate output
configure:6074: result: /bin/sed
configure:6092: checking for fgrep
configure:6154: result: /bin/grep -F
configure:6189: checking for ld used by /home/kopytjuk/emsdk/upstream/emscripten/emcc
em++: error: no input files
note that input files without a known suffix are ignored, make sure your input files end with one of: ('.c', '.i', '.cpp', '.cxx', '.cc', '.c++', '.CPP', '.CXX', '.C', '.CC', '.C++', '.ii', '.m', '.mi', '.mm', '.mii', '/dev/null', '.bc', '.o', '.obj', '.lo', '.dylib', '.so', '.a', '.ll', '.h', '.hxx', '.hpp', '.hh', '.H', '.HXX', '.HPP', '.HH')
configure:6256: result: /home/kopytjuk/emsdk/upstream/emscripten/emcc
configure:6263: checking if the linker (/home/kopytjuk/emsdk/upstream/emscripten/emcc) is GNU ld
configure:6278: result: yes
configure:6290: checking for BSD- or MS-compatible name lister (nm)
configure:6344: result: /home/kopytjuk/emsdk/upstream/bin/llvm-nm
configure:6474: checking the name lister (/home/kopytjuk/emsdk/upstream/bin/llvm-nm) interface
configure:6481: /home/kopytjuk/emsdk/upstream/emscripten/emcc -c -g -O2  conftest.c >&5
configure:6484: /home/kopytjuk/emsdk/upstream/bin/llvm-nm "conftest.o"
configure:6487: output
00000000 d .debug_abbrev
00000000 d .debug_line
00000000 d .debug_str
00000000 D some_variable
configure:6494: result: BSD nm
configure:6498: checking the maximum length of command line arguments
configure:6629: result: 1572864
configure:6677: checking how to convert x86_64-pc-linux-gnu file names to x86_64-pc-linux-gnu format
configure:6717: result: func_convert_file_noop
configure:6724: checking how to convert x86_64-pc-linux-gnu file names to toolchain format
configure:6744: result: func_convert_file_noop
configure:6751: checking for /home/kopytjuk/emsdk/upstream/emscripten/emcc option to reload object files
configure:6758: result: -r
configure:6832: checking for objdump
configure:6859: result: objdump
configure:6888: checking how to recognize dependent libraries
configure:7088: result: pass_all
configure:7173: checking for dlltool
configure:7200: result: dlltool
configure:7230: checking how to associate runtime and link libraries
configure:7257: result: printf %s\n
configure:7381: checking for archiver @FILE support
configure:7398: /home/kopytjuk/emsdk/upstream/emscripten/emcc -c -g -O2  conftest.c >&5
configure:7398: $? = 0
configure:7401: /home/kopytjuk/emsdk/upstream/emscripten/emar cru libconftest.a @conftest.lst >&5
configure:7404: $? = 0
configure:7409: /home/kopytjuk/emsdk/upstream/emscripten/emar cru libconftest.a @conftest.lst >&5
/home/kopytjuk/emsdk/upstream/bin/llvm-ar: error: conftest.o: No such file or directory
configure:7412: $? = 1
configure:7424: result: @
configure:7482: checking for strip
configure:7498: found /usr/bin/strip
configure:7509: result: strip
configure:7581: checking for ranlib
configure:7608: result: /home/kopytjuk/emsdk/upstream/emscripten/emranlib
configure:7710: checking command to parse /home/kopytjuk/emsdk/upstream/bin/llvm-nm output from /home/kopytjuk/emsdk/upstream/emscripten/emcc object
configure:7863: /home/kopytjuk/emsdk/upstream/emscripten/emcc -c -g -O2  conftest.c >&5
configure:7866: $? = 0
configure:7870: /home/kopytjuk/emsdk/upstream/bin/llvm-nm conftest.o \| sed -n -e 's/^.*[ ]\([BCDEGRST][BCDEGRST]*\)[ ][ ]*\([_A-Za-z][_A-Za-z0-9]*\)$/\1 \2 \2/p' | sed '/ __gnu_lto/d' \> conftest.nm
configure:7873: $? = 0
configure:7939: /home/kopytjuk/emsdk/upstream/emscripten/emcc -o conftest -g -O2   conftest.c conftstm.o >&5
configure:7942: $? = 0
configure:7980: result: ok
configure:8027: checking for sysroot
configure:8057: result: no
configure:8064: checking for a working dd
configure:8102: result: /bin/dd
configure:8106: checking how to truncate binary pipes
configure:8121: result: /bin/dd bs=4096 count=1
configure:8257: /home/kopytjuk/emsdk/upstream/emscripten/emcc -c -g -O2  conftest.c >&5
configure:8260: $? = 0
configure:8450: checking for mt
configure:8466: found /bin/mt
configure:8477: result: mt
configure:8500: checking if mt is a manifest tool
configure:8506: mt '-?'
configure:8514: result: no
configure:9188: checking for dlfcn.h
configure:9188: /home/kopytjuk/emsdk/upstream/emscripten/emcc -c -g -O2  conftest.c >&5
configure:9188: $? = 0
configure:9188: result: yes
configure:9442: checking for objdir
configure:9457: result: .libs
configure:9717: checking if /home/kopytjuk/emsdk/upstream/emscripten/emcc supports -fno-rtti -fno-exceptions
configure:9735: /home/kopytjuk/emsdk/upstream/emscripten/emcc -c -g -O2  -fno-rtti -fno-exceptions conftest.c >&5
configure:9739: $? = 0
configure:9752: result: yes
configure:10110: checking for /home/kopytjuk/emsdk/upstream/emscripten/emcc option to produce PIC
configure:10117: result: -fPIC -DPIC
configure:10125: checking if /home/kopytjuk/emsdk/upstream/emscripten/emcc PIC flag -fPIC -DPIC works
configure:10143: /home/kopytjuk/emsdk/upstream/emscripten/emcc -c -g -O2  -fPIC -DPIC -DPIC conftest.c >&5
configure:10147: $? = 0
configure:10160: result: yes
configure:10189: checking if /home/kopytjuk/emsdk/upstream/emscripten/emcc static flag -static works
configure:10217: result: yes
configure:10232: checking if /home/kopytjuk/emsdk/upstream/emscripten/emcc supports -c -o file.o
configure:10253: /home/kopytjuk/emsdk/upstream/emscripten/emcc -c -g -O2  -o out/conftest2.o conftest.c >&5
configure:10257: $? = 0
configure:10279: result: yes
configure:10287: checking if /home/kopytjuk/emsdk/upstream/emscripten/emcc supports -c -o file.o
configure:10334: result: yes
configure:10367: checking whether the /home/kopytjuk/emsdk/upstream/emscripten/emcc linker (/home/kopytjuk/emsdk/upstream/emscripten/emcc) supports shared libraries
configure:11626: result: yes
configure:11663: checking whether -lc should be explicitly linked in
configure:11671: /home/kopytjuk/emsdk/upstream/emscripten/emcc -c -g -O2  conftest.c >&5
configure:11674: $? = 0
configure:11689: /home/kopytjuk/emsdk/upstream/emscripten/emcc -shared  -fPIC -DPIC conftest.o  -v -Wl,-soname -Wl,conftest -o conftest 2\>\&1 \| /bin/grep  -lc  \>/dev/null 2\>\&1
configure:11692: $? = 1
configure:11706: result: yes
configure:11866: checking dynamic linker characteristics
configure:12447: /home/kopytjuk/emsdk/upstream/emscripten/emcc -o conftest -g -O2   -Wl,-rpath -Wl,/foo conftest.c  >&5
wasm-ld: error: unknown argument: -rpath
wasm-ld: error: cannot open /foo: No such file or directory
emcc: error: '/home/kopytjuk/emsdk/upstream/bin/wasm-ld -o /tmp/emscripten_temp_8g3x8www/conftest.wasm -rpath -L/home/kopytjuk/emsdk/upstream/emscripten/system/local/lib /foo -L/home/kopytjuk/emsdk/upstream/emscripten/system/lib /tmp/emscripten_temp_8g3x8www/conftest_0.o -L/home/kopytjuk/.emscripten_cache/wasm /home/kopytjuk/.emscripten_cache/wasm/libc.a /home/kopytjuk/.emscripten_cache/wasm/libcompiler_rt.a /home/kopytjuk/.emscripten_cache/wasm/libc-wasm.a /home/kopytjuk/.emscripten_cache/wasm/libdlmalloc-debug.a /home/kopytjuk/.emscripten_cache/wasm/libpthread_stub.a /home/kopytjuk/.emscripten_cache/wasm/libc_rt_wasm.a /home/kopytjuk/.emscripten_cache/wasm/libsockets.a -mllvm -combiner-global-alias-analysis=false -mllvm -enable-emscripten-sjlj -mllvm -disable-lsr --allow-undefined --import-memory --import-table --export __wasm_call_ctors --export __data_end --export main --export malloc --export free --export __errno_location --export fflush -z stack-size=5242880 --initial-memory=16777216 --no-entry --max-memory=16777216 --global-base=1024' failed (1)
configure:12447: $? = 1
configure: failed program was:
| /* confdefs.h */
| #define PACKAGE_NAME "libjpeg"
| #define PACKAGE_TARNAME "libjpeg"
| #define PACKAGE_VERSION "9.4.0"
| #define PACKAGE_STRING "libjpeg 9.4.0"
| #define PACKAGE_BUGREPORT ""
| #define PACKAGE_URL ""
| #define PACKAGE "libjpeg"
| #define VERSION "9.4.0"
| #define HAVE_PROTOTYPES 1
| #define STDC_HEADERS 1
| #define HAVE_SYS_TYPES_H 1
| #define HAVE_SYS_STAT_H 1
| #define HAVE_STDLIB_H 1
| #define HAVE_STRING_H 1
| #define HAVE_MEMORY_H 1
| #define HAVE_STRINGS_H 1
| #define HAVE_INTTYPES_H 1
| #define HAVE_STDINT_H 1
| #define HAVE_UNISTD_H 1
| #define HAVE_STDDEF_H 1
| #define HAVE_STDLIB_H 1
| #define HAVE_LOCALE_H 1
| #define HAVE_UNSIGNED_CHAR 1
| #define HAVE_UNSIGNED_SHORT 1
| #define INLINE __inline__
| #define HAVE_DLFCN_H 1
| #define LT_OBJDIR ".libs/"
| /* end confdefs.h.  */
| 
| int
| main ()
| {
| 
|   ;
|   return 0;
| }
configure:12684: result: GNU/Linux ld.so
configure:12806: checking how to hardcode library paths into programs
configure:12831: result: immediate
configure:13379: checking whether stripping libraries is possible
configure:13384: result: yes
configure:13419: checking if libtool supports shared libraries
configure:13421: result: yes
configure:13424: checking whether to build shared libraries
configure:13449: result: yes
configure:13452: checking whether to build static libraries
configure:13456: result: yes
configure:13575: checking libjpeg version number
configure:13585: result: 9.4.0
configure:13699: checking that generated files are newer than configure
configure:13705: result: done
configure:13736: creating ./config.status

## ---------------------- ##
## Running config.status. ##
## ---------------------- ##

This file was extended by libjpeg config.status 9.4.0, which was
generated by GNU Autoconf 2.69.  Invocation command line was

  CONFIG_FILES    = 
  CONFIG_HEADERS  = 
  CONFIG_LINKS    = 
  CONFIG_COMMANDS = 
  $ ./config.status 

on DESKTOP-BKNNHOF

config.status:1106: creating Makefile
config.status:1106: creating libjpeg.pc
config.status:1106: creating jconfig.h
config.status:1335: executing depfiles commands
config.status:1412: cd .       && sed -e '/# am--include-marker/d' Makefile         | make -f - am--depfiles
config.status:1417: $? = 0
config.status:1335: executing libtool commands

## ---------------- ##
## Cache variables. ##
## ---------------- ##

ac_cv_build=x86_64-pc-linux-gnu
ac_cv_c_compiler_gnu=yes
ac_cv_c_const=yes
ac_cv_env_CC_set=set
ac_cv_env_CC_value=/home/kopytjuk/emsdk/upstream/emscripten/emcc
ac_cv_env_CFLAGS_set=
ac_cv_env_CFLAGS_value=
ac_cv_env_CPPFLAGS_set=
ac_cv_env_CPPFLAGS_value=
ac_cv_env_CPP_set=
ac_cv_env_CPP_value=
ac_cv_env_LDFLAGS_set=
ac_cv_env_LDFLAGS_value=
ac_cv_env_LIBS_set=
ac_cv_env_LIBS_value=
ac_cv_env_LT_SYS_LIBRARY_PATH_set=
ac_cv_env_LT_SYS_LIBRARY_PATH_value=
ac_cv_env_build_alias_set=
ac_cv_env_build_alias_value=
ac_cv_env_host_alias_set=
ac_cv_env_host_alias_value=
ac_cv_env_target_alias_set=
ac_cv_env_target_alias_value=
ac_cv_header_dlfcn_h=yes
ac_cv_header_inttypes_h=yes
ac_cv_header_locale_h=yes
ac_cv_header_memory_h=yes
ac_cv_header_stdc=yes
ac_cv_header_stddef_h=yes
ac_cv_header_stdint_h=yes
ac_cv_header_stdlib_h=yes
ac_cv_header_string_h=yes
ac_cv_header_strings_h=yes
ac_cv_header_sys_stat_h=yes
ac_cv_header_sys_types_h=yes
ac_cv_header_unistd_h=yes
ac_cv_host=x86_64-pc-linux-gnu
ac_cv_objext=o
ac_cv_path_EGREP='/bin/grep -E'
ac_cv_path_FGREP='/bin/grep -F'
ac_cv_path_GREP=/bin/grep
ac_cv_path_SED=/bin/sed
ac_cv_path_install='/usr/bin/install -c'
ac_cv_path_lt_DD=/bin/dd
ac_cv_path_mkdir=/bin/mkdir
ac_cv_prog_AWK=gawk
ac_cv_prog_CPP='/home/kopytjuk/emsdk/upstream/emscripten/emcc -E'
ac_cv_prog_ac_ct_CC=/home/kopytjuk/emsdk/upstream/emscripten/emcc
ac_cv_prog_ac_ct_DLLTOOL=dlltool
ac_cv_prog_ac_ct_MANIFEST_TOOL=mt
ac_cv_prog_ac_ct_OBJDUMP=objdump
ac_cv_prog_ac_ct_RANLIB=/home/kopytjuk/emsdk/upstream/emscripten/emranlib
ac_cv_prog_ac_ct_STRIP=strip
ac_cv_prog_cc_c89=
ac_cv_prog_cc_c99=
ac_cv_prog_cc_g=yes
ac_cv_prog_cc_stdc=
ac_cv_prog_make_make_set=yes
ac_cv_target=x86_64-pc-linux-gnu
am_cv_CC_dependencies_compiler_type=gcc3
am_cv_ar_interface=ar
am_cv_make_support_nested_variables=yes
am_cv_prog_cc_c_o=yes
ijg_cv_have_prototypes=yes
ijg_cv_inline=__inline__
lt_cv_ar_at_file=@
lt_cv_archive_cmds_need_lc=yes
lt_cv_deplibs_check_method=pass_all
lt_cv_file_magic_cmd='$MAGIC_CMD'
lt_cv_file_magic_test_file=
lt_cv_ld_reload_flag=-r
lt_cv_nm_interface='BSD nm'
lt_cv_objdir=.libs
lt_cv_path_LD=/home/kopytjuk/emsdk/upstream/emscripten/emcc
lt_cv_path_NM=/home/kopytjuk/emsdk/upstream/bin/llvm-nm
lt_cv_path_mainfest_tool=no
lt_cv_prog_compiler_c_o=yes
lt_cv_prog_compiler_pic='-fPIC -DPIC'
lt_cv_prog_compiler_pic_works=yes
lt_cv_prog_compiler_rtti_exceptions=yes
lt_cv_prog_compiler_static_works=yes
lt_cv_prog_gnu_ld=yes
lt_cv_sharedlib_from_linklib_cmd='printf %s\n'
lt_cv_shlibpath_overrides_runpath=no
lt_cv_sys_global_symbol_pipe='sed -n -e '\''s/^.*[	 ]\([BCDEGRST][BCDEGRST]*\)[	 ][	 ]*\([_A-Za-z][_A-Za-z0-9]*\)$/\1 \2 \2/p'\'' | sed '\''/ __gnu_lto/d'\'''
lt_cv_sys_global_symbol_to_c_name_address='sed -n -e '\''s/^: \(.*\) .*$/  {"\1", (void *) 0},/p'\'' -e '\''s/^[BCDEGRST][BCDEGRST]* .* \(.*\)$/  {"\1", (void *) \&\1},/p'\'''
lt_cv_sys_global_symbol_to_c_name_address_lib_prefix='sed -n -e '\''s/^: \(.*\) .*$/  {"\1", (void *) 0},/p'\'' -e '\''s/^[BCDEGRST][BCDEGRST]* .* \(lib.*\)$/  {"\1", (void *) \&\1},/p'\'' -e '\''s/^[BCDEGRST][BCDEGRST]* .* \(.*\)$/  {"lib\1", (void *) \&\1},/p'\'''
lt_cv_sys_global_symbol_to_cdecl='sed -n -e '\''s/^T .* \(.*\)$/extern int \1();/p'\'' -e '\''s/^[BCDEGRST][BCDEGRST]* .* \(.*\)$/extern char \1;/p'\'''
lt_cv_sys_global_symbol_to_import=
lt_cv_sys_max_cmd_len=1572864
lt_cv_to_host_file_cmd=func_convert_file_noop
lt_cv_to_tool_file_cmd=func_convert_file_noop
lt_cv_truncate_bin='/bin/dd bs=4096 count=1'

## ----------------- ##
## Output variables. ##
## ----------------- ##

ACLOCAL='${SHELL} /mnt/c/Users/kopyt/Documents/CODE/wasm-image-converter/include/jpeg-9d/missing aclocal-1.16'
AMDEPBACKSLASH='\'
AMDEP_FALSE='#'
AMDEP_TRUE=''
AMTAR='$${TAR-tar}'
AM_BACKSLASH='\'
AM_DEFAULT_V='$(AM_DEFAULT_VERBOSITY)'
AM_DEFAULT_VERBOSITY='0'
AM_V='$(V)'
AR='/home/kopytjuk/emsdk/upstream/emscripten/emar'
AS='as'
AUTOCONF='${SHELL} /mnt/c/Users/kopyt/Documents/CODE/wasm-image-converter/include/jpeg-9d/missing autoconf'
AUTOHEADER='echo autoheader ignored'
AUTOMAKE='${SHELL} /mnt/c/Users/kopyt/Documents/CODE/wasm-image-converter/include/jpeg-9d/missing automake-1.16'
AWK='gawk'
CC='/home/kopytjuk/emsdk/upstream/emscripten/emcc'
CCDEPMODE='depmode=gcc3'
CFLAGS='-g -O2'
CPP='/home/kopytjuk/emsdk/upstream/emscripten/emcc -E'
CPPFLAGS=''
CYGPATH_W='echo'
DEFS='-DHAVE_CONFIG_H'
DEPDIR='.deps'
DLLTOOL='dlltool'
DSYMUTIL=''
DUMPBIN=''
ECHO_C=''
ECHO_N='-n'
ECHO_T=''
EGREP='/bin/grep -E'
EXEEXT=''
FGREP='/bin/grep -F'
GREP='/bin/grep'
HAVE_LD_VERSION_SCRIPT_FALSE=''
HAVE_LD_VERSION_SCRIPT_TRUE='#'
INSTALL_DATA='${INSTALL} -m 644'
INSTALL_PROGRAM='${INSTALL}'
INSTALL_SCRIPT='${INSTALL}'
INSTALL_STRIP_PROGRAM='$(install_sh) -c -s'
JPEG_LIB_VERSION='13:0:4'
JPEG_LIB_VERSION_MAJOR='9'
JPEG_LIB_VERSION_MINOR='4'
LD='/home/kopytjuk/emsdk/upstream/emscripten/emcc'
LDFLAGS=''
LIBOBJS=''
LIBS=''
LIBTOOL='$(SHELL) $(top_builddir)/libtool'
LIPO=''
LN_S='ln -s'
LTLIBOBJS=''
LT_SYS_LIBRARY_PATH=''
MAINT='#'
MAINTAINER_MODE_FALSE=''
MAINTAINER_MODE_TRUE='#'
MAKEINFO='${SHELL} /mnt/c/Users/kopyt/Documents/CODE/wasm-image-converter/include/jpeg-9d/missing makeinfo'
MANIFEST_TOOL=':'
MEMORYMGR='jmemnobs'
MKDIR_P='/bin/mkdir -p'
NM='/home/kopytjuk/emsdk/upstream/bin/llvm-nm'
NMEDIT=''
OBJDUMP='objdump'
OBJEXT='o'
OTOOL64=''
OTOOL=''
PACKAGE='libjpeg'
PACKAGE_BUGREPORT=''
PACKAGE_NAME='libjpeg'
PACKAGE_STRING='libjpeg 9.4.0'
PACKAGE_TARNAME='libjpeg'
PACKAGE_URL=''
PACKAGE_VERSION='9.4.0'
PATH_SEPARATOR=':'
RANLIB='/home/kopytjuk/emsdk/upstream/emscripten/emranlib'
SED='/bin/sed'
SET_MAKE=''
SHELL='/bin/bash'
STRIP='strip'
VERSION='9.4.0'
ac_ct_AR=''
ac_ct_CC='/home/kopytjuk/emsdk/upstream/emscripten/emcc'
ac_ct_DUMPBIN=''
am__EXEEXT_FALSE=''
am__EXEEXT_TRUE='#'
am__fastdepCC_FALSE='#'
am__fastdepCC_TRUE=''
am__include='include'
am__isrc=''
am__leading_dot='.'
am__nodep='_no'
am__quote=''
am__tar='$${TAR-tar} chof - "$$tardir"'
am__untar='$${TAR-tar} xf -'
bindir='${exec_prefix}/bin'
build='x86_64-pc-linux-gnu'
build_alias=''
build_cpu='x86_64'
build_os='linux-gnu'
build_vendor='pc'
datadir='${datarootdir}'
datarootdir='${prefix}/share'
docdir='${datarootdir}/doc/${PACKAGE_TARNAME}'
dvidir='${docdir}'
exec_prefix='${prefix}'
host='x86_64-pc-linux-gnu'
host_alias=''
host_cpu='x86_64'
host_os='linux-gnu'
host_vendor='pc'
htmldir='${docdir}'
includedir='${prefix}/include'
infodir='${datarootdir}/info'
install_sh='${SHELL} /mnt/c/Users/kopyt/Documents/CODE/wasm-image-converter/include/jpeg-9d/install-sh'
libdir='${exec_prefix}/lib'
libexecdir='${exec_prefix}/libexec'
localedir='${datarootdir}/locale'
localstatedir='${prefix}/var'
mandir='${datarootdir}/man'
mkdir_p='$(MKDIR_P)'
oldincludedir='/usr/include'
pdfdir='${docdir}'
prefix='/usr/local'
program_transform_name='s,x,x,'
psdir='${docdir}'
sbindir='${exec_prefix}/sbin'
sharedstatedir='${prefix}/com'
sysconfdir='${prefix}/etc'
target='x86_64-pc-linux-gnu'
target_alias=''
target_cpu='x86_64'
target_os='linux-gnu'
target_vendor='pc'

## ----------- ##
## confdefs.h. ##
## ----------- ##

/* confdefs.h */
#define PACKAGE_NAME "libjpeg"
#define PACKAGE_TARNAME "libjpeg"
#define PACKAGE_VERSION "9.4.0"
#define PACKAGE_STRING "libjpeg 9.4.0"
#define PACKAGE_BUGREPORT ""
#define PACKAGE_URL ""
#define PACKAGE "libjpeg"
#define VERSION "9.4.0"
#define HAVE_PROTOTYPES 1
#define STDC_HEADERS 1
#define HAVE_SYS_TYPES_H 1
#define HAVE_SYS_STAT_H 1
#define HAVE_STDLIB_H 1
#define HAVE_STRING_H 1
#define HAVE_MEMORY_H 1
#define HAVE_STRINGS_H 1
#define HAVE_INTTYPES_H 1
#define HAVE_STDINT_H 1
#define HAVE_UNISTD_H 1
#define HAVE_STDDEF_H 1
#define HAVE_STDLIB_H 1
#define HAVE_LOCALE_H 1
#define HAVE_UNSIGNED_CHAR 1
#define HAVE_UNSIGNED_SHORT 1
#define INLINE __inline__
#define HAVE_DLFCN_H 1
#define LT_OBJDIR ".libs/"

configure: exit 0
